<?xml version="1.0" encoding="UTF-8"?>
<robot generator="Robot 5.0.1 (Python 3.10.5 on win32)" generated="20220724 17:14:15.431" rpa="false" schemaversion="3">
<suite id="s1" name="Solutions" source="C:\Koltiva_Test\TestCases\Solutions.robot">
<test id="s1-t1" name="Solutions Menu" line="11">
<kw name="Open Koltiva Website" library="solutionsKeywords">
<arg>${URL}</arg>
<arg>${BROWSER}</arg>
<kw name="Open Browser" library="Selenium2Library">
<arg>${URL}</arg>
<arg>${BROWSER}</arg>
<doc>Opens a new browser instance to the optional ``url``.</doc>
<msg timestamp="20220724 17:14:15.643" level="INFO">Opening browser 'chrome' to base url 'https://www.koltiva.com/'.</msg>
<status status="PASS" starttime="20220724 17:14:15.643" endtime="20220724 17:14:18.908"/>
</kw>
<kw name="Maximize Browser Window" library="Selenium2Library">
<doc>Maximizes current browser window.</doc>
<status status="PASS" starttime="20220724 17:14:18.908" endtime="20220724 17:14:19.036"/>
</kw>
<status status="PASS" starttime="20220724 17:14:15.642" endtime="20220724 17:14:19.036"/>
</kw>
<kw name="Wait List Menu" library="solutionsKeywords">
<kw name="Wait Until Element Is Visible" library="Selenium2Library">
<arg>${list_menu}</arg>
<doc>Waits until the element ``locator`` is visible.</doc>
<status status="PASS" starttime="20220724 17:14:19.038" endtime="20220724 17:14:19.075"/>
</kw>
<status status="PASS" starttime="20220724 17:14:19.037" endtime="20220724 17:14:19.075"/>
</kw>
<kw name="Sleep" library="BuiltIn">
<arg>${DELAY}</arg>
<doc>Pauses the test executed for the given time.</doc>
<msg timestamp="20220724 17:14:24.084" level="INFO">Slept 5 seconds</msg>
<status status="PASS" starttime="20220724 17:14:19.077" endtime="20220724 17:14:24.084"/>
</kw>
<kw name="Click Menu Solutions" library="solutionsKeywords">
<kw name="Click Element" library="Selenium2Library">
<arg>${menu_solutions}</arg>
<doc>Click the element identified by ``locator``.</doc>
<msg timestamp="20220724 17:14:24.086" level="INFO">Clicking element 'id:comp-keidh9zf2label'.</msg>
<status status="PASS" starttime="20220724 17:14:24.086" endtime="20220724 17:14:24.152"/>
</kw>
<status status="PASS" starttime="20220724 17:14:24.085" endtime="20220724 17:14:24.152"/>
</kw>
<kw name="Sleep" library="BuiltIn">
<arg>${DELAY}</arg>
<doc>Pauses the test executed for the given time.</doc>
<msg timestamp="20220724 17:14:29.162" level="INFO">Slept 5 seconds</msg>
<status status="PASS" starttime="20220724 17:14:24.153" endtime="20220724 17:14:29.162"/>
</kw>
<kw name="Validate Solutions Page" library="solutionsKeywords">
<kw name="Get Text" library="Selenium2Library">
<var>${response}</var>
<arg>xpath=//span[contains(text(),'Our Holistic Solutions')]</arg>
<doc>Returns the text value of the element identified by ``locator``.</doc>
<msg timestamp="20220724 17:14:29.200" level="INFO">${response} = Our Holistic Solutions</msg>
<status status="PASS" starttime="20220724 17:14:29.164" endtime="20220724 17:14:29.201"/>
</kw>
<kw name="Should Be Equal As Strings" library="BuiltIn">
<arg>${response}</arg>
<arg>Our Holistic Solutions</arg>
<doc>Fails if objects are unequal after converting them to strings.</doc>
<status status="PASS" starttime="20220724 17:14:29.201" endtime="20220724 17:14:29.201"/>
</kw>
<status status="PASS" starttime="20220724 17:14:29.163" endtime="20220724 17:14:29.202"/>
</kw>
<kw name="Sleep" library="BuiltIn">
<arg>${DELAY}</arg>
<doc>Pauses the test executed for the given time.</doc>
<msg timestamp="20220724 17:14:34.215" level="INFO">Slept 5 seconds</msg>
<status status="PASS" starttime="20220724 17:14:29.202" endtime="20220724 17:14:34.216"/>
</kw>
<kw name="Screenshot Product" library="solutionsKeywords">
<kw name="Capture Page Screenshot" library="Selenium2Library">
<arg>${capture_solutions}</arg>
<doc>Takes a screenshot of the current page and embeds it into a log file.</doc>
<msg timestamp="20220724 17:14:34.514" level="INFO" html="true">&lt;/td&gt;&lt;/tr&gt;&lt;tr&gt;&lt;td colspan="3"&gt;&lt;a href="Screenshot/Solutions.png"&gt;&lt;img src="Screenshot/Solutions.png" width="800px"&gt;&lt;/a&gt;</msg>
<status status="PASS" starttime="20220724 17:14:34.217" endtime="20220724 17:14:34.514"/>
</kw>
<status status="PASS" starttime="20220724 17:14:34.216" endtime="20220724 17:14:34.515"/>
</kw>
<kw name="Sleep" library="BuiltIn">
<arg>${DELAY}</arg>
<doc>Pauses the test executed for the given time.</doc>
<msg timestamp="20220724 17:14:39.517" level="INFO">Slept 5 seconds</msg>
<status status="PASS" starttime="20220724 17:14:34.516" endtime="20220724 17:14:39.517"/>
</kw>
<status status="PASS" starttime="20220724 17:14:15.641" endtime="20220724 17:14:39.518"/>
</test>
<status status="PASS" starttime="20220724 17:14:15.432" endtime="20220724 17:14:39.521"/>
</suite>
<statistics>
<total>
<stat pass="1" fail="0" skip="0">All Tests</stat>
</total>
<tag>
</tag>
<suite>
<stat pass="1" fail="0" skip="0" id="s1" name="Solutions">Solutions</stat>
</suite>
</statistics>
<errors>
</errors>
</robot>
